<?xml version="1.0" encoding="UTF-8"?>
<!-- Generated by org.testng.reporters.JUnitReportReporter -->
<testsuite hostname="DESKTOP-JECC7QJ" failures="0" tests="1" name="jenkins.jproject.SampleTestCase" time="9.538" errors="0" timestamp="08 Feb 2020 08:29:27 GMT" skipped="0">
  <testcase classname="jenkins.jproject.SampleTestCase" name="f" time="9.538"/>
</testsuite> <!-- jenkins.jproject.SampleTestCase -->
